0 info it worked if it ends with ok
1 verbose cli [ '/usr/local/Cellar/node/7.1.0/bin/node',
1 verbose cli   '/usr/local/bin/npm',
1 verbose cli   'install' ]
2 info using npm@3.10.9
3 info using node@v7.1.0
4 silly loadCurrentTree Starting
5 silly install loadCurrentTree
6 silly install readLocalPackageData
7 silly install normalizeTree
8 silly loadCurrentTree Finishing
9 silly loadIdealTree Starting
10 silly install loadIdealTree
11 silly cloneCurrentTree Starting
12 silly install cloneCurrentTreeToIdealTree
13 silly cloneCurrentTree Finishing
14 silly loadShrinkwrap Starting
15 silly install loadShrinkwrap
16 silly loadShrinkwrap Finishing
17 silly loadAllDepsIntoIdealTree Starting
18 silly install loadAllDepsIntoIdealTree
19 silly loadAllDepsIntoIdealTree Finishing
20 silly loadIdealTree Finishing
21 silly currentTree angular-addtocalendar@1.0.0
21 silly currentTree ├── abbrev@1.1.0
21 silly currentTree ├── accepts@1.3.3
21 silly currentTree ├── acorn@2.6.4
21 silly currentTree ├── adm-zip@0.4.7
21 silly currentTree ├─┬ agent-base@2.0.1
21 silly currentTree │ └── semver@5.0.3
21 silly currentTree ├── align-text@0.1.4
21 silly currentTree ├── alter@0.2.0
21 silly currentTree ├── ansi-regex@2.1.1
21 silly currentTree ├── ansi-styles@2.2.1
21 silly currentTree ├── argparse@1.0.9
21 silly currentTree ├── array-find-index@1.0.2
21 silly currentTree ├── asn1@0.2.3
21 silly currentTree ├── assert-plus@0.2.0
21 silly currentTree ├── async@1.5.2
21 silly currentTree ├── aws-sign@0.3.0
21 silly currentTree ├── aws-sign2@0.6.0
21 silly currentTree ├── babel-runtime@6.23.0
21 silly currentTree ├── babylon@6.16.1
21 silly currentTree ├── balanced-match@0.4.2
21 silly currentTree ├── basic-auth@1.1.0
21 silly currentTree ├── batch@0.5.3
21 silly currentTree ├── bcrypt-pbkdf@1.0.1
21 silly currentTree ├─┬ bl@1.0.3
21 silly currentTree │ ├── isarray@1.0.0
21 silly currentTree │ └── readable-stream@2.0.6
21 silly currentTree ├─┬ body-parser@1.14.2
21 silly currentTree │ ├── debug@2.2.0
21 silly currentTree │ ├── http-errors@1.3.1
21 silly currentTree │ ├── iconv-lite@0.4.13
21 silly currentTree │ ├── ms@0.7.1
21 silly currentTree │ └── qs@5.2.0
21 silly currentTree ├── boom@2.10.1
21 silly currentTree ├── brace-expansion@1.1.7
21 silly currentTree ├── browserify-zlib@0.1.4
21 silly currentTree ├── buffer-shims@1.0.0
21 silly currentTree ├── builtin-modules@1.1.1
21 silly currentTree ├── bytes@2.2.0
21 silly currentTree ├── camelcase-keys@2.1.0
21 silly currentTree ├── camelcase@2.1.1
21 silly currentTree ├── caseless@0.11.0
21 silly currentTree ├── center-align@0.1.3
21 silly currentTree ├── chalk@1.1.3
21 silly currentTree ├─┬ cli-table@0.3.1
21 silly currentTree │ └── colors@1.0.3
21 silly currentTree ├─┬ cli@1.0.1
21 silly currentTree │ └── glob@7.1.1
21 silly currentTree ├── cliui@2.1.0
21 silly currentTree ├── coffee-script@1.10.0
21 silly currentTree ├── colors@1.1.2
21 silly currentTree ├── combined-stream@1.0.5
21 silly currentTree ├── commander@2.9.0
21 silly currentTree ├─┬ comment-parser@0.3.1
21 silly currentTree │ ├── isarray@1.0.0
21 silly currentTree │ ├── readable-stream@2.2.9
21 silly currentTree │ └── string_decoder@1.0.0
21 silly currentTree ├── concat-map@0.0.1
21 silly currentTree ├─┬ concat-stream@1.6.0
21 silly currentTree │ ├── isarray@1.0.0
21 silly currentTree │ ├── readable-stream@2.2.9
21 silly currentTree │ └── string_decoder@1.0.0
21 silly currentTree ├── connect-livereload@0.5.4
21 silly currentTree ├── connect@3.6.0
21 silly currentTree ├── console-browserify@1.1.0
21 silly currentTree ├── content-type@1.0.2
21 silly currentTree ├── convert-source-map@1.1.3
21 silly currentTree ├── cookie-jar@0.3.0
21 silly currentTree ├── core-js@2.4.1
21 silly currentTree ├── core-util-is@1.0.2
21 silly currentTree ├── cryptiles@2.0.5
21 silly currentTree ├── cst@0.4.9
21 silly currentTree ├── ctype@0.5.2
21 silly currentTree ├── currently-unhandled@0.4.1
21 silly currentTree ├── cycle@1.0.3
21 silly currentTree ├─┬ dashdash@1.14.1
21 silly currentTree │ └── assert-plus@1.0.0
21 silly currentTree ├── date-now@0.1.4
21 silly currentTree ├── dateformat@1.0.12
21 silly currentTree ├── debug@2.6.1
21 silly currentTree ├── decamelize@1.2.0
21 silly currentTree ├── deep-equal@1.0.1
21 silly currentTree ├── delayed-stream@1.0.0
21 silly currentTree ├── depd@1.1.0
21 silly currentTree ├── destroy@1.0.4
21 silly currentTree ├─┬ dom-serializer@0.1.0
21 silly currentTree │ ├── domelementtype@1.1.3
21 silly currentTree │ └── entities@1.1.1
21 silly currentTree ├── domelementtype@1.3.0
21 silly currentTree ├── domhandler@2.3.0
21 silly currentTree ├── domutils@1.5.1
21 silly currentTree ├── ecc-jsbn@0.1.1
21 silly currentTree ├── ee-first@1.1.1
21 silly currentTree ├── encodeurl@1.0.1
21 silly currentTree ├── entities@1.0.0
21 silly currentTree ├── error-ex@1.3.1
21 silly currentTree ├── escape-html@1.0.3
21 silly currentTree ├── escape-string-regexp@1.0.5
21 silly currentTree ├── esprima@2.7.3
21 silly currentTree ├── estraverse@4.2.0
21 silly currentTree ├── etag@1.8.0
21 silly currentTree ├── eventemitter2@0.4.14
21 silly currentTree ├── exit@0.1.2
21 silly currentTree ├── extend@3.0.0
21 silly currentTree ├── extsprintf@1.0.2
21 silly currentTree ├── eyes@0.1.8
21 silly currentTree ├── faye-websocket@0.10.0
21 silly currentTree ├── figures@1.7.0
21 silly currentTree ├── finalhandler@1.0.0
21 silly currentTree ├── find-up@1.1.2
21 silly currentTree ├─┬ findup-sync@0.3.0
21 silly currentTree │ └── glob@5.0.15
21 silly currentTree ├── forever-agent@0.6.1
21 silly currentTree ├─┬ form-data@1.0.1
21 silly currentTree │ ├── async@2.3.0
21 silly currentTree │ └── lodash@4.17.4
21 silly currentTree ├── fresh@0.5.0
21 silly currentTree ├── fs.realpath@1.0.0
21 silly currentTree ├── gaze@1.1.2
21 silly currentTree ├── generate-function@2.0.0
21 silly currentTree ├── generate-object-property@1.2.0
21 silly currentTree ├── get-stdin@4.0.1
21 silly currentTree ├── getobject@0.1.0
21 silly currentTree ├─┬ getpass@0.1.6
21 silly currentTree │ └── assert-plus@1.0.0
21 silly currentTree ├── glob@7.0.6
21 silly currentTree ├─┬ globule@1.1.0
21 silly currentTree │ ├── glob@7.1.1
21 silly currentTree │ └── lodash@4.16.6
21 silly currentTree ├── graceful-fs@4.1.11
21 silly currentTree ├── graceful-readlink@1.0.1
21 silly currentTree ├── grunt-bump@0.8.0
21 silly currentTree ├─┬ grunt-contrib-clean@1.0.0
21 silly currentTree │ └── rimraf@2.6.1
21 silly currentTree ├── grunt-contrib-concat@1.0.1
21 silly currentTree ├── grunt-contrib-connect@1.0.2
21 silly currentTree ├── grunt-contrib-jshint@1.0.0
21 silly currentTree ├─┬ grunt-contrib-uglify@1.0.2
21 silly currentTree │ └── lodash@4.17.4
21 silly currentTree ├── grunt-contrib-watch@1.0.0
21 silly currentTree ├─┬ grunt-jscs@3.0.1
21 silly currentTree │ └── lodash@4.6.1
21 silly currentTree ├── grunt-known-options@1.1.0
21 silly currentTree ├─┬ grunt-legacy-log-utils@1.0.0
21 silly currentTree │ └── lodash@4.3.0
21 silly currentTree ├── grunt-legacy-log@1.0.0
21 silly currentTree ├─┬ grunt-legacy-util@1.0.0
21 silly currentTree │ └── lodash@4.3.0
21 silly currentTree ├── grunt-ng-annotate@2.0.2
21 silly currentTree ├── grunt-protractor-runner@3.2.0
21 silly currentTree ├── grunt-sauce-tunnel@0.2.1
21 silly currentTree ├── grunt-shell@1.3.1
21 silly currentTree ├─┬ grunt@1.0.1
21 silly currentTree │ └── grunt-cli@1.2.0
21 silly currentTree ├── gzip-size@1.0.0
21 silly currentTree ├── har-validator@2.0.6
21 silly currentTree ├── has-ansi@2.0.0
21 silly currentTree ├── has-color@0.1.7
21 silly currentTree ├── hawk@3.1.3
21 silly currentTree ├── hoek@2.16.3
21 silly currentTree ├── hooker@0.2.3
21 silly currentTree ├── hosted-git-info@2.4.2
21 silly currentTree ├── htmlparser2@3.8.3
21 silly currentTree ├── http-errors@1.5.1
21 silly currentTree ├── http-signature@1.1.1
21 silly currentTree ├── http2@3.3.6
21 silly currentTree ├── https-proxy-agent@1.0.0
21 silly currentTree ├── i@0.3.5
21 silly currentTree ├── iconv-lite@0.4.15
21 silly currentTree ├── indent-string@2.1.0
21 silly currentTree ├── inflight@1.0.6
21 silly currentTree ├── inherit@2.2.6
21 silly currentTree ├── inherits@2.0.3
21 silly currentTree ├── is-arrayish@0.2.1
21 silly currentTree ├── is-buffer@1.1.5
21 silly currentTree ├── is-builtin-module@1.0.0
21 silly currentTree ├── is-finite@1.0.2
21 silly currentTree ├── is-my-json-valid@2.16.0
21 silly currentTree ├── is-property@1.0.2
21 silly currentTree ├── is-typedarray@1.0.0
21 silly currentTree ├── is-utf8@0.2.1
21 silly currentTree ├── isarray@0.0.1
21 silly currentTree ├── isexe@2.0.0
21 silly currentTree ├── isstream@0.1.2
21 silly currentTree ├── jasmine-core@2.4.1
21 silly currentTree ├─┬ jasmine@2.4.1
21 silly currentTree │ ├── glob@3.2.11
21 silly currentTree │ └── minimatch@0.3.0
21 silly currentTree ├── jasminewd2@0.0.9
21 silly currentTree ├── jodid25519@1.0.2
21 silly currentTree ├── js-yaml@3.5.5
21 silly currentTree ├── jsbn@0.1.1
21 silly currentTree ├── jscs-jsdoc@2.0.0
21 silly currentTree ├── jscs-preset-wikimedia@1.0.0
21 silly currentTree ├─┬ jscs@3.0.7
21 silly currentTree │ ├── glob@5.0.15
21 silly currentTree │ └── js-yaml@3.4.6
21 silly currentTree ├── jsdoctypeparser@1.2.0
21 silly currentTree ├─┬ jshint@2.9.4
21 silly currentTree │ └── lodash@3.7.0
21 silly currentTree ├── json-schema@0.2.3
21 silly currentTree ├── json-stringify-safe@5.0.1
21 silly currentTree ├── jsonlint@1.6.2
21 silly currentTree ├── jsonpointer@4.0.1
21 silly currentTree ├─┬ jsprim@1.4.0
21 silly currentTree │ └── assert-plus@1.0.0
21 silly currentTree ├── JSV@4.0.2
21 silly currentTree ├── kind-of@3.1.0
21 silly currentTree ├── lazy-cache@1.0.4
21 silly currentTree ├── livereload-js@2.2.2
21 silly currentTree ├── load-json-file@1.1.0
21 silly currentTree ├── lodash.clonedeep@4.5.0
21 silly currentTree ├── lodash@3.10.1
21 silly currentTree ├── longest@1.0.1
21 silly currentTree ├── loud-rejection@1.6.0
21 silly currentTree ├── lru-cache@2.7.3
21 silly currentTree ├── map-obj@1.0.1
21 silly currentTree ├── maxmin@1.1.0
21 silly currentTree ├── media-typer@0.3.0
21 silly currentTree ├── meow@3.7.0
21 silly currentTree ├── mime-db@1.27.0
21 silly currentTree ├── mime-types@2.1.15
21 silly currentTree ├── mime@1.3.4
21 silly currentTree ├── minimatch@3.0.3
21 silly currentTree ├── minimist@1.2.0
21 silly currentTree ├─┬ mkdirp@0.5.1
21 silly currentTree │ └── minimist@0.0.8
21 silly currentTree ├── morgan@1.8.1
21 silly currentTree ├── ms@0.7.2
21 silly currentTree ├── mute-stream@0.0.7
21 silly currentTree ├── natural-compare@1.2.2
21 silly currentTree ├── ncp@0.4.2
21 silly currentTree ├── negotiator@0.6.1
21 silly currentTree ├── ng-annotate@1.2.1
21 silly currentTree ├── node-uuid@1.4.8
21 silly currentTree ├─┬ nomnom@1.8.1
21 silly currentTree │ ├── ansi-styles@1.0.0
21 silly currentTree │ ├── chalk@0.4.0
21 silly currentTree │ └── strip-ansi@0.1.1
21 silly currentTree ├── nopt@3.0.6
21 silly currentTree ├── normalize-package-data@2.3.6
21 silly currentTree ├── npm-run-path@1.0.0
21 silly currentTree ├── number-is-nan@1.0.1
21 silly currentTree ├── oauth-sign@0.8.2
21 silly currentTree ├── object-assign@4.1.1
21 silly currentTree ├── on-finished@2.3.0
21 silly currentTree ├── on-headers@1.0.1
21 silly currentTree ├── once@1.4.0
21 silly currentTree ├── open-sauce-browsers@0.0.0
21 silly currentTree ├── opn@4.0.2
21 silly currentTree ├─┬ optimist@0.6.1
21 silly currentTree │ └── minimist@0.0.10
21 silly currentTree ├── options@0.0.6
21 silly currentTree ├── ordered-ast-traverse@1.1.1
21 silly currentTree ├── ordered-esprima-props@1.1.0
21 silly currentTree ├── pako@0.2.9
21 silly currentTree ├── parse-json@2.2.0
21 silly currentTree ├── parseurl@1.3.1
21 silly currentTree ├── path-exists@2.1.0
21 silly currentTree ├── path-is-absolute@1.0.1
21 silly currentTree ├── path-key@1.0.0
21 silly currentTree ├── path-type@1.1.0
21 silly currentTree ├── pathval@0.1.1
21 silly currentTree ├── pify@2.3.0
21 silly currentTree ├── pinkie-promise@2.0.1
21 silly currentTree ├── pinkie@2.0.4
21 silly currentTree ├── pkginfo@0.4.0
21 silly currentTree ├── portscanner@1.2.0
21 silly currentTree ├── pretty-bytes@1.0.4
21 silly currentTree ├── process-nextick-args@1.0.7
21 silly currentTree ├── prompt@0.2.14
21 silly currentTree ├─┬ protractor@3.3.0
21 silly currentTree │ └── glob@6.0.4
21 silly currentTree ├── q@1.4.1
21 silly currentTree ├── qs@5.1.0
21 silly currentTree ├── range-parser@1.2.0
21 silly currentTree ├─┬ raw-body@2.1.7
21 silly currentTree │ ├── bytes@2.4.0
21 silly currentTree │ └── iconv-lite@0.4.13
21 silly currentTree ├── read-pkg-up@1.0.1
21 silly currentTree ├── read-pkg@1.1.0
21 silly currentTree ├── read@1.0.7
21 silly currentTree ├── readable-stream@1.1.14
21 silly currentTree ├── redent@1.0.0
21 silly currentTree ├── regenerator-runtime@0.10.3
21 silly currentTree ├── repeat-string@1.6.1
21 silly currentTree ├── repeating@2.0.1
21 silly currentTree ├─┬ request@2.67.0
21 silly currentTree │ └── qs@5.2.1
21 silly currentTree ├── reserved-words@0.1.1
21 silly currentTree ├── resolve@1.1.7
21 silly currentTree ├── revalidator@0.1.8
21 silly currentTree ├── right-align@0.1.3
21 silly currentTree ├── rimraf@2.2.8
21 silly currentTree ├─┬ sauce-tunnel@2.0.6
21 silly currentTree │ ├── ansi-styles@1.0.0
21 silly currentTree │ ├── asn1@0.1.11
21 silly currentTree │ ├── assert-plus@0.1.2
21 silly currentTree │ ├── async@0.2.10
21 silly currentTree │ ├─┬ boom@0.4.2
21 silly currentTree │ │ └── hoek@0.9.1
21 silly currentTree │ ├── chalk@0.4.0
21 silly currentTree │ ├── combined-stream@0.0.7
21 silly currentTree │ ├── cryptiles@0.2.2
21 silly currentTree │ ├── delayed-stream@0.0.5
21 silly currentTree │ ├── forever-agent@0.5.2
21 silly currentTree │ ├── form-data@0.0.8
21 silly currentTree │ ├── hawk@0.13.1
21 silly currentTree │ ├── hoek@0.8.5
21 silly currentTree │ ├── http-signature@0.9.11
21 silly currentTree │ ├── json-stringify-safe@4.0.0
21 silly currentTree │ ├── mime@1.2.11
21 silly currentTree │ ├── oauth-sign@0.3.0
21 silly currentTree │ ├── qs@0.6.6
21 silly currentTree │ ├── request@2.21.0
21 silly currentTree │ ├─┬ sntp@0.2.4
21 silly currentTree │ │ └── hoek@0.9.1
21 silly currentTree │ ├── strip-ansi@0.1.1
21 silly currentTree │ └── tunnel-agent@0.3.0
21 silly currentTree ├── saucelabs@1.0.1
21 silly currentTree ├── sax@0.6.1
21 silly currentTree ├─┬ selenium-webdriver@2.52.0
21 silly currentTree │ └── adm-zip@0.4.4
21 silly currentTree ├── semver@5.3.0
21 silly currentTree ├─┬ send@0.15.1
21 silly currentTree │ ├── http-errors@1.6.1
21 silly currentTree │ └── setprototypeof@1.0.3
21 silly currentTree ├─┬ serve-index@1.8.0
21 silly currentTree │ ├── debug@2.2.0
21 silly currentTree │ └── ms@0.7.1
21 silly currentTree ├── serve-static@1.12.1
21 silly currentTree ├── setprototypeof@1.0.2
21 silly currentTree ├── shelljs@0.3.0
21 silly currentTree ├── sigmund@1.0.1
21 silly currentTree ├── signal-exit@3.0.2
21 silly currentTree ├── simple-fmt@0.1.0
21 silly currentTree ├── simple-is@0.2.0
21 silly currentTree ├── sntp@1.0.9
21 silly currentTree ├── source-map-support@0.4.14
21 silly currentTree ├── source-map@0.5.6
21 silly currentTree ├── spdx-correct@1.0.2
21 silly currentTree ├── spdx-expression-parse@1.0.4
21 silly currentTree ├── spdx-license-ids@1.2.2
21 silly currentTree ├── split@1.0.0
21 silly currentTree ├── sprintf-js@1.0.3
21 silly currentTree ├─┬ sshpk@1.13.0
21 silly currentTree │ └── assert-plus@1.0.0
21 silly currentTree ├── stable@0.1.6
21 silly currentTree ├── stack-trace@0.0.9
21 silly currentTree ├── statuses@1.3.1
21 silly currentTree ├── string_decoder@0.10.31
21 silly currentTree ├── stringmap@0.2.2
21 silly currentTree ├── stringset@0.2.1
21 silly currentTree ├── stringstream@0.0.5
21 silly currentTree ├── strip-ansi@3.0.1
21 silly currentTree ├── strip-bom@2.0.0
21 silly currentTree ├── strip-indent@1.0.1
21 silly currentTree ├── strip-json-comments@1.0.4
21 silly currentTree ├── supports-color@2.0.0
21 silly currentTree ├── through@2.3.8
21 silly currentTree ├─┬ through2@2.0.3
21 silly currentTree │ ├── isarray@1.0.0
21 silly currentTree │ ├── readable-stream@2.2.9
21 silly currentTree │ └── string_decoder@1.0.0
21 silly currentTree ├─┬ tiny-lr@0.2.1
21 silly currentTree │ ├── debug@2.2.0
21 silly currentTree │ └── ms@0.7.1
21 silly currentTree ├── tmp@0.0.24
21 silly currentTree ├── to-double-quotes@2.0.0
21 silly currentTree ├── to-single-quotes@2.0.1
21 silly currentTree ├── tough-cookie@2.2.2
21 silly currentTree ├── trim-newlines@1.0.0
21 silly currentTree ├── tryor@0.1.2
21 silly currentTree ├── tunnel-agent@0.4.3
21 silly currentTree ├── tweetnacl@0.14.5
21 silly currentTree ├── type-is@1.6.15
21 silly currentTree ├── typedarray@0.0.6
21 silly currentTree ├─┬ uglify-js@2.6.4
21 silly currentTree │ └── async@0.2.10
21 silly currentTree ├── uglify-to-browserify@1.0.2
21 silly currentTree ├── ultron@1.0.2
21 silly currentTree ├── underscore.string@3.2.3
21 silly currentTree ├── underscore@1.6.0
21 silly currentTree ├── unpipe@1.0.0
21 silly currentTree ├── uri-path@1.0.0
21 silly currentTree ├── util-deprecate@1.0.2
21 silly currentTree ├─┬ utile@0.2.1
21 silly currentTree │ └── async@0.2.10
21 silly currentTree ├── utils-merge@1.0.0
21 silly currentTree ├── uuid@2.0.3
21 silly currentTree ├── validate-npm-package-license@3.0.1
21 silly currentTree ├── verror@1.3.6
21 silly currentTree ├── vow-fs@0.3.6
21 silly currentTree ├── vow-queue@0.4.2
21 silly currentTree ├── vow@0.4.15
21 silly currentTree ├── websocket-driver@0.6.5
21 silly currentTree ├── websocket-extensions@0.1.1
21 silly currentTree ├── which@1.2.14
21 silly currentTree ├── window-size@0.1.0
21 silly currentTree ├─┬ winston@0.8.3
21 silly currentTree │ ├── async@0.2.10
21 silly currentTree │ ├── colors@0.6.2
21 silly currentTree │ └── pkginfo@0.3.1
21 silly currentTree ├── wordwrap@0.0.2
21 silly currentTree ├── wrappy@1.0.2
21 silly currentTree ├── ws@1.1.4
21 silly currentTree ├── xml2js@0.4.4
21 silly currentTree ├── xmlbuilder@3.1.0
21 silly currentTree ├── xtend@4.0.1
21 silly currentTree └─┬ yargs@3.10.0
21 silly currentTree   └── camelcase@1.2.1
22 silly idealTree angular-addtocalendar@1.0.0
22 silly idealTree ├── abbrev@1.1.0
22 silly idealTree ├── accepts@1.3.3
22 silly idealTree ├── acorn@2.6.4
22 silly idealTree ├── adm-zip@0.4.7
22 silly idealTree ├─┬ agent-base@2.0.1
22 silly idealTree │ └── semver@5.0.3
22 silly idealTree ├── align-text@0.1.4
22 silly idealTree ├── alter@0.2.0
22 silly idealTree ├── ansi-regex@2.1.1
22 silly idealTree ├── ansi-styles@2.2.1
22 silly idealTree ├── argparse@1.0.9
22 silly idealTree ├── array-find-index@1.0.2
22 silly idealTree ├── asn1@0.2.3
22 silly idealTree ├── assert-plus@0.2.0
22 silly idealTree ├── async@1.5.2
22 silly idealTree ├── aws-sign@0.3.0
22 silly idealTree ├── aws-sign2@0.6.0
22 silly idealTree ├── babel-runtime@6.23.0
22 silly idealTree ├── babylon@6.16.1
22 silly idealTree ├── balanced-match@0.4.2
22 silly idealTree ├── basic-auth@1.1.0
22 silly idealTree ├── batch@0.5.3
22 silly idealTree ├── bcrypt-pbkdf@1.0.1
22 silly idealTree ├─┬ bl@1.0.3
22 silly idealTree │ ├── isarray@1.0.0
22 silly idealTree │ └── readable-stream@2.0.6
22 silly idealTree ├─┬ body-parser@1.14.2
22 silly idealTree │ ├── debug@2.2.0
22 silly idealTree │ ├── http-errors@1.3.1
22 silly idealTree │ ├── iconv-lite@0.4.13
22 silly idealTree │ ├── ms@0.7.1
22 silly idealTree │ └── qs@5.2.0
22 silly idealTree ├── boom@2.10.1
22 silly idealTree ├── brace-expansion@1.1.7
22 silly idealTree ├── browserify-zlib@0.1.4
22 silly idealTree ├── buffer-shims@1.0.0
22 silly idealTree ├── builtin-modules@1.1.1
22 silly idealTree ├── bytes@2.2.0
22 silly idealTree ├── camelcase-keys@2.1.0
22 silly idealTree ├── camelcase@2.1.1
22 silly idealTree ├── caseless@0.11.0
22 silly idealTree ├── center-align@0.1.3
22 silly idealTree ├── chalk@1.1.3
22 silly idealTree ├─┬ cli-table@0.3.1
22 silly idealTree │ └── colors@1.0.3
22 silly idealTree ├─┬ cli@1.0.1
22 silly idealTree │ └── glob@7.1.1
22 silly idealTree ├── cliui@2.1.0
22 silly idealTree ├── coffee-script@1.10.0
22 silly idealTree ├── colors@1.1.2
22 silly idealTree ├── combined-stream@1.0.5
22 silly idealTree ├── commander@2.9.0
22 silly idealTree ├─┬ comment-parser@0.3.1
22 silly idealTree │ ├── isarray@1.0.0
22 silly idealTree │ ├── readable-stream@2.2.9
22 silly idealTree │ └── string_decoder@1.0.0
22 silly idealTree ├── concat-map@0.0.1
22 silly idealTree ├─┬ concat-stream@1.6.0
22 silly idealTree │ ├── isarray@1.0.0
22 silly idealTree │ ├── readable-stream@2.2.9
22 silly idealTree │ └── string_decoder@1.0.0
22 silly idealTree ├── connect-livereload@0.5.4
22 silly idealTree ├── connect@3.6.0
22 silly idealTree ├── console-browserify@1.1.0
22 silly idealTree ├── content-type@1.0.2
22 silly idealTree ├── convert-source-map@1.1.3
22 silly idealTree ├── cookie-jar@0.3.0
22 silly idealTree ├── core-js@2.4.1
22 silly idealTree ├── core-util-is@1.0.2
22 silly idealTree ├── cryptiles@2.0.5
22 silly idealTree ├── cst@0.4.9
22 silly idealTree ├── ctype@0.5.2
22 silly idealTree ├── currently-unhandled@0.4.1
22 silly idealTree ├── cycle@1.0.3
22 silly idealTree ├─┬ dashdash@1.14.1
22 silly idealTree │ └── assert-plus@1.0.0
22 silly idealTree ├── date-now@0.1.4
22 silly idealTree ├── dateformat@1.0.12
22 silly idealTree ├── debug@2.6.1
22 silly idealTree ├── decamelize@1.2.0
22 silly idealTree ├── deep-equal@1.0.1
22 silly idealTree ├── delayed-stream@1.0.0
22 silly idealTree ├── depd@1.1.0
22 silly idealTree ├── destroy@1.0.4
22 silly idealTree ├─┬ dom-serializer@0.1.0
22 silly idealTree │ ├── domelementtype@1.1.3
22 silly idealTree │ └── entities@1.1.1
22 silly idealTree ├── domelementtype@1.3.0
22 silly idealTree ├── domhandler@2.3.0
22 silly idealTree ├── domutils@1.5.1
22 silly idealTree ├── ecc-jsbn@0.1.1
22 silly idealTree ├── ee-first@1.1.1
22 silly idealTree ├── encodeurl@1.0.1
22 silly idealTree ├── entities@1.0.0
22 silly idealTree ├── error-ex@1.3.1
22 silly idealTree ├── escape-html@1.0.3
22 silly idealTree ├── escape-string-regexp@1.0.5
22 silly idealTree ├── esprima@2.7.3
22 silly idealTree ├── estraverse@4.2.0
22 silly idealTree ├── etag@1.8.0
22 silly idealTree ├── eventemitter2@0.4.14
22 silly idealTree ├── exit@0.1.2
22 silly idealTree ├── extend@3.0.0
22 silly idealTree ├── extsprintf@1.0.2
22 silly idealTree ├── eyes@0.1.8
22 silly idealTree ├── faye-websocket@0.10.0
22 silly idealTree ├── figures@1.7.0
22 silly idealTree ├── finalhandler@1.0.0
22 silly idealTree ├── find-up@1.1.2
22 silly idealTree ├─┬ findup-sync@0.3.0
22 silly idealTree │ └── glob@5.0.15
22 silly idealTree ├── forever-agent@0.6.1
22 silly idealTree ├─┬ form-data@1.0.1
22 silly idealTree │ ├── async@2.3.0
22 silly idealTree │ └── lodash@4.17.4
22 silly idealTree ├── fresh@0.5.0
22 silly idealTree ├── fs.realpath@1.0.0
22 silly idealTree ├── gaze@1.1.2
22 silly idealTree ├── generate-function@2.0.0
22 silly idealTree ├── generate-object-property@1.2.0
22 silly idealTree ├── get-stdin@4.0.1
22 silly idealTree ├── getobject@0.1.0
22 silly idealTree ├─┬ getpass@0.1.6
22 silly idealTree │ └── assert-plus@1.0.0
22 silly idealTree ├── glob@7.0.6
22 silly idealTree ├─┬ globule@1.1.0
22 silly idealTree │ ├── glob@7.1.1
22 silly idealTree │ └── lodash@4.16.6
22 silly idealTree ├── graceful-fs@4.1.11
22 silly idealTree ├── graceful-readlink@1.0.1
22 silly idealTree ├── grunt-bump@0.8.0
22 silly idealTree ├─┬ grunt-contrib-clean@1.0.0
22 silly idealTree │ └── rimraf@2.6.1
22 silly idealTree ├── grunt-contrib-concat@1.0.1
22 silly idealTree ├── grunt-contrib-connect@1.0.2
22 silly idealTree ├── grunt-contrib-jshint@1.0.0
22 silly idealTree ├─┬ grunt-contrib-uglify@1.0.2
22 silly idealTree │ └── lodash@4.17.4
22 silly idealTree ├── grunt-contrib-watch@1.0.0
22 silly idealTree ├─┬ grunt-jscs@3.0.1
22 silly idealTree │ └── lodash@4.6.1
22 silly idealTree ├── grunt-known-options@1.1.0
22 silly idealTree ├─┬ grunt-legacy-log-utils@1.0.0
22 silly idealTree │ └── lodash@4.3.0
22 silly idealTree ├── grunt-legacy-log@1.0.0
22 silly idealTree ├─┬ grunt-legacy-util@1.0.0
22 silly idealTree │ └── lodash@4.3.0
22 silly idealTree ├── grunt-ng-annotate@2.0.2
22 silly idealTree ├── grunt-protractor-runner@3.2.0
22 silly idealTree ├── grunt-sauce-tunnel@0.2.1
22 silly idealTree ├── grunt-shell@1.3.1
22 silly idealTree ├─┬ grunt@1.0.1
22 silly idealTree │ └── grunt-cli@1.2.0
22 silly idealTree ├── gzip-size@1.0.0
22 silly idealTree ├── har-validator@2.0.6
22 silly idealTree ├── has-ansi@2.0.0
22 silly idealTree ├── has-color@0.1.7
22 silly idealTree ├── hawk@3.1.3
22 silly idealTree ├── hoek@2.16.3
22 silly idealTree ├── hooker@0.2.3
22 silly idealTree ├── hosted-git-info@2.4.2
22 silly idealTree ├── htmlparser2@3.8.3
22 silly idealTree ├── http-errors@1.5.1
22 silly idealTree ├── http-signature@1.1.1
22 silly idealTree ├── http2@3.3.6
22 silly idealTree ├── https-proxy-agent@1.0.0
22 silly idealTree ├── i@0.3.5
22 silly idealTree ├── iconv-lite@0.4.15
22 silly idealTree ├── indent-string@2.1.0
22 silly idealTree ├── inflight@1.0.6
22 silly idealTree ├── inherit@2.2.6
22 silly idealTree ├── inherits@2.0.3
22 silly idealTree ├── is-arrayish@0.2.1
22 silly idealTree ├── is-buffer@1.1.5
22 silly idealTree ├── is-builtin-module@1.0.0
22 silly idealTree ├── is-finite@1.0.2
22 silly idealTree ├── is-my-json-valid@2.16.0
22 silly idealTree ├── is-property@1.0.2
22 silly idealTree ├── is-typedarray@1.0.0
22 silly idealTree ├── is-utf8@0.2.1
22 silly idealTree ├── isarray@0.0.1
22 silly idealTree ├── isexe@2.0.0
22 silly idealTree ├── isstream@0.1.2
22 silly idealTree ├── jasmine-core@2.4.1
22 silly idealTree ├─┬ jasmine@2.4.1
22 silly idealTree │ ├── glob@3.2.11
22 silly idealTree │ └── minimatch@0.3.0
22 silly idealTree ├── jasminewd2@0.0.9
22 silly idealTree ├── jodid25519@1.0.2
22 silly idealTree ├── js-yaml@3.5.5
22 silly idealTree ├── jsbn@0.1.1
22 silly idealTree ├── jscs-jsdoc@2.0.0
22 silly idealTree ├── jscs-preset-wikimedia@1.0.0
22 silly idealTree ├─┬ jscs@3.0.7
22 silly idealTree │ ├── glob@5.0.15
22 silly idealTree │ └── js-yaml@3.4.6
22 silly idealTree ├── jsdoctypeparser@1.2.0
22 silly idealTree ├─┬ jshint@2.9.4
22 silly idealTree │ └── lodash@3.7.0
22 silly idealTree ├── json-schema@0.2.3
22 silly idealTree ├── json-stringify-safe@5.0.1
22 silly idealTree ├── jsonlint@1.6.2
22 silly idealTree ├── jsonpointer@4.0.1
22 silly idealTree ├─┬ jsprim@1.4.0
22 silly idealTree │ └── assert-plus@1.0.0
22 silly idealTree ├── JSV@4.0.2
22 silly idealTree ├── kind-of@3.1.0
22 silly idealTree ├── lazy-cache@1.0.4
22 silly idealTree ├── livereload-js@2.2.2
22 silly idealTree ├── load-json-file@1.1.0
22 silly idealTree ├── lodash.clonedeep@4.5.0
22 silly idealTree ├── lodash@3.10.1
22 silly idealTree ├── longest@1.0.1
22 silly idealTree ├── loud-rejection@1.6.0
22 silly idealTree ├── lru-cache@2.7.3
22 silly idealTree ├── map-obj@1.0.1
22 silly idealTree ├── maxmin@1.1.0
22 silly idealTree ├── media-typer@0.3.0
22 silly idealTree ├── meow@3.7.0
22 silly idealTree ├── mime-db@1.27.0
22 silly idealTree ├── mime-types@2.1.15
22 silly idealTree ├── mime@1.3.4
22 silly idealTree ├── minimatch@3.0.3
22 silly idealTree ├── minimist@1.2.0
22 silly idealTree ├─┬ mkdirp@0.5.1
22 silly idealTree │ └── minimist@0.0.8
22 silly idealTree ├── morgan@1.8.1
22 silly idealTree ├── ms@0.7.2
22 silly idealTree ├── mute-stream@0.0.7
22 silly idealTree ├── natural-compare@1.2.2
22 silly idealTree ├── ncp@0.4.2
22 silly idealTree ├── negotiator@0.6.1
22 silly idealTree ├── ng-annotate@1.2.1
22 silly idealTree ├── node-uuid@1.4.8
22 silly idealTree ├─┬ nomnom@1.8.1
22 silly idealTree │ ├── ansi-styles@1.0.0
22 silly idealTree │ ├── chalk@0.4.0
22 silly idealTree │ └── strip-ansi@0.1.1
22 silly idealTree ├── nopt@3.0.6
22 silly idealTree ├── normalize-package-data@2.3.6
22 silly idealTree ├── npm-run-path@1.0.0
22 silly idealTree ├── number-is-nan@1.0.1
22 silly idealTree ├── oauth-sign@0.8.2
22 silly idealTree ├── object-assign@4.1.1
22 silly idealTree ├── on-finished@2.3.0
22 silly idealTree ├── on-headers@1.0.1
22 silly idealTree ├── once@1.4.0
22 silly idealTree ├── open-sauce-browsers@0.0.0
22 silly idealTree ├── opn@4.0.2
22 silly idealTree ├─┬ optimist@0.6.1
22 silly idealTree │ └── minimist@0.0.10
22 silly idealTree ├── options@0.0.6
22 silly idealTree ├── ordered-ast-traverse@1.1.1
22 silly idealTree ├── ordered-esprima-props@1.1.0
22 silly idealTree ├── pako@0.2.9
22 silly idealTree ├── parse-json@2.2.0
22 silly idealTree ├── parseurl@1.3.1
22 silly idealTree ├── path-exists@2.1.0
22 silly idealTree ├── path-is-absolute@1.0.1
22 silly idealTree ├── path-key@1.0.0
22 silly idealTree ├── path-type@1.1.0
22 silly idealTree ├── pathval@0.1.1
22 silly idealTree ├── pify@2.3.0
22 silly idealTree ├── pinkie-promise@2.0.1
22 silly idealTree ├── pinkie@2.0.4
22 silly idealTree ├── pkginfo@0.4.0
22 silly idealTree ├── portscanner@1.2.0
22 silly idealTree ├── pretty-bytes@1.0.4
22 silly idealTree ├── process-nextick-args@1.0.7
22 silly idealTree ├── prompt@0.2.14
22 silly idealTree ├─┬ protractor@3.3.0
22 silly idealTree │ └── glob@6.0.4
22 silly idealTree ├── q@1.4.1
22 silly idealTree ├── qs@5.1.0
22 silly idealTree ├── range-parser@1.2.0
22 silly idealTree ├─┬ raw-body@2.1.7
22 silly idealTree │ ├── bytes@2.4.0
22 silly idealTree │ └── iconv-lite@0.4.13
22 silly idealTree ├── read-pkg-up@1.0.1
22 silly idealTree ├── read-pkg@1.1.0
22 silly idealTree ├── read@1.0.7
22 silly idealTree ├── readable-stream@1.1.14
22 silly idealTree ├── redent@1.0.0
22 silly idealTree ├── regenerator-runtime@0.10.3
22 silly idealTree ├── repeat-string@1.6.1
22 silly idealTree ├── repeating@2.0.1
22 silly idealTree ├─┬ request@2.67.0
22 silly idealTree │ └── qs@5.2.1
22 silly idealTree ├── reserved-words@0.1.1
22 silly idealTree ├── resolve@1.1.7
22 silly idealTree ├── revalidator@0.1.8
22 silly idealTree ├── right-align@0.1.3
22 silly idealTree ├── rimraf@2.2.8
22 silly idealTree ├─┬ sauce-tunnel@2.0.6
22 silly idealTree │ ├── ansi-styles@1.0.0
22 silly idealTree │ ├── asn1@0.1.11
22 silly idealTree │ ├── assert-plus@0.1.2
22 silly idealTree │ ├── async@0.2.10
22 silly idealTree │ ├─┬ boom@0.4.2
22 silly idealTree │ │ └── hoek@0.9.1
22 silly idealTree │ ├── chalk@0.4.0
22 silly idealTree │ ├── combined-stream@0.0.7
22 silly idealTree │ ├── cryptiles@0.2.2
22 silly idealTree │ ├── delayed-stream@0.0.5
22 silly idealTree │ ├── forever-agent@0.5.2
22 silly idealTree │ ├── form-data@0.0.8
22 silly idealTree │ ├── hawk@0.13.1
22 silly idealTree │ ├── hoek@0.8.5
22 silly idealTree │ ├── http-signature@0.9.11
22 silly idealTree │ ├── json-stringify-safe@4.0.0
22 silly idealTree │ ├── mime@1.2.11
22 silly idealTree │ ├── oauth-sign@0.3.0
22 silly idealTree │ ├── qs@0.6.6
22 silly idealTree │ ├── request@2.21.0
22 silly idealTree │ ├─┬ sntp@0.2.4
22 silly idealTree │ │ └── hoek@0.9.1
22 silly idealTree │ ├── strip-ansi@0.1.1
22 silly idealTree │ └── tunnel-agent@0.3.0
22 silly idealTree ├── saucelabs@1.0.1
22 silly idealTree ├── sax@0.6.1
22 silly idealTree ├─┬ selenium-webdriver@2.52.0
22 silly idealTree │ └── adm-zip@0.4.4
22 silly idealTree ├── semver@5.3.0
22 silly idealTree ├─┬ send@0.15.1
22 silly idealTree │ ├── http-errors@1.6.1
22 silly idealTree │ └── setprototypeof@1.0.3
22 silly idealTree ├─┬ serve-index@1.8.0
22 silly idealTree │ ├── debug@2.2.0
22 silly idealTree │ └── ms@0.7.1
22 silly idealTree ├── serve-static@1.12.1
22 silly idealTree ├── setprototypeof@1.0.2
22 silly idealTree ├── shelljs@0.3.0
22 silly idealTree ├── sigmund@1.0.1
22 silly idealTree ├── signal-exit@3.0.2
22 silly idealTree ├── simple-fmt@0.1.0
22 silly idealTree ├── simple-is@0.2.0
22 silly idealTree ├── sntp@1.0.9
22 silly idealTree ├── source-map-support@0.4.14
22 silly idealTree ├── source-map@0.5.6
22 silly idealTree ├── spdx-correct@1.0.2
22 silly idealTree ├── spdx-expression-parse@1.0.4
22 silly idealTree ├── spdx-license-ids@1.2.2
22 silly idealTree ├── split@1.0.0
22 silly idealTree ├── sprintf-js@1.0.3
22 silly idealTree ├─┬ sshpk@1.13.0
22 silly idealTree │ └── assert-plus@1.0.0
22 silly idealTree ├── stable@0.1.6
22 silly idealTree ├── stack-trace@0.0.9
22 silly idealTree ├── statuses@1.3.1
22 silly idealTree ├── string_decoder@0.10.31
22 silly idealTree ├── stringmap@0.2.2
22 silly idealTree ├── stringset@0.2.1
22 silly idealTree ├── stringstream@0.0.5
22 silly idealTree ├── strip-ansi@3.0.1
22 silly idealTree ├── strip-bom@2.0.0
22 silly idealTree ├── strip-indent@1.0.1
22 silly idealTree ├── strip-json-comments@1.0.4
22 silly idealTree ├── supports-color@2.0.0
22 silly idealTree ├── through@2.3.8
22 silly idealTree ├─┬ through2@2.0.3
22 silly idealTree │ ├── isarray@1.0.0
22 silly idealTree │ ├── readable-stream@2.2.9
22 silly idealTree │ └── string_decoder@1.0.0
22 silly idealTree ├─┬ tiny-lr@0.2.1
22 silly idealTree │ ├── debug@2.2.0
22 silly idealTree │ └── ms@0.7.1
22 silly idealTree ├── tmp@0.0.24
22 silly idealTree ├── to-double-quotes@2.0.0
22 silly idealTree ├── to-single-quotes@2.0.1
22 silly idealTree ├── tough-cookie@2.2.2
22 silly idealTree ├── trim-newlines@1.0.0
22 silly idealTree ├── tryor@0.1.2
22 silly idealTree ├── tunnel-agent@0.4.3
22 silly idealTree ├── tweetnacl@0.14.5
22 silly idealTree ├── type-is@1.6.15
22 silly idealTree ├── typedarray@0.0.6
22 silly idealTree ├─┬ uglify-js@2.6.4
22 silly idealTree │ └── async@0.2.10
22 silly idealTree ├── uglify-to-browserify@1.0.2
22 silly idealTree ├── ultron@1.0.2
22 silly idealTree ├── underscore.string@3.2.3
22 silly idealTree ├── underscore@1.6.0
22 silly idealTree ├── unpipe@1.0.0
22 silly idealTree ├── uri-path@1.0.0
22 silly idealTree ├── util-deprecate@1.0.2
22 silly idealTree ├─┬ utile@0.2.1
22 silly idealTree │ └── async@0.2.10
22 silly idealTree ├── utils-merge@1.0.0
22 silly idealTree ├── uuid@2.0.3
22 silly idealTree ├── validate-npm-package-license@3.0.1
22 silly idealTree ├── verror@1.3.6
22 silly idealTree ├── vow-fs@0.3.6
22 silly idealTree ├── vow-queue@0.4.2
22 silly idealTree ├── vow@0.4.15
22 silly idealTree ├── websocket-driver@0.6.5
22 silly idealTree ├── websocket-extensions@0.1.1
22 silly idealTree ├── which@1.2.14
22 silly idealTree ├── window-size@0.1.0
22 silly idealTree ├─┬ winston@0.8.3
22 silly idealTree │ ├── async@0.2.10
22 silly idealTree │ ├── colors@0.6.2
22 silly idealTree │ └── pkginfo@0.3.1
22 silly idealTree ├── wordwrap@0.0.2
22 silly idealTree ├── wrappy@1.0.2
22 silly idealTree ├── ws@1.1.4
22 silly idealTree ├── xml2js@0.4.4
22 silly idealTree ├── xmlbuilder@3.1.0
22 silly idealTree ├── xtend@4.0.1
22 silly idealTree └─┬ yargs@3.10.0
22 silly idealTree   └── camelcase@1.2.1
23 silly generateActionsToTake Starting
24 silly install generateActionsToTake
25 silly generateActionsToTake Finishing
26 silly diffTrees action count 0
27 silly decomposeActions action count 0
28 silly runTopLevelLifecycles Starting
29 silly install runPreinstallTopLevelLifecycles
30 silly preinstall angular-addtocalendar@1.0.0 /Users/brianmwakima/Documents/Work/Javascript/AddToCalendar/angular-addtocalendar-d21c691d
31 info lifecycle angular-addtocalendar@1.0.0~preinstall: angular-addtocalendar@1.0.0
32 silly lifecycle angular-addtocalendar@1.0.0~preinstall: no script for preinstall, continuing
33 silly executeActions Starting
34 silly install executeActions
35 silly doSerial global-install 0
36 silly doParallel fetch 0
37 verbose correctMkdir /Users/brianmwakima/.npm/_locks correctMkdir not in flight; initializing
38 verbose lock using /Users/brianmwakima/.npm/_locks/staging-a93e5258c5a8bd2c.lock for /Users/brianmwakima/Documents/Work/Javascript/AddToCalendar/node_modules/.staging
39 silly doParallel extract 0
40 silly doParallel preinstall 0
41 silly doReverseSerial remove 0
42 silly doSerial move 0
43 silly doSerial finalize 0
44 silly doSerial build 0
45 silly doSerial global-link 0
46 silly doParallel update-linked 0
47 silly doSerial install 0
48 silly doSerial postinstall 0
49 verbose unlock done using /Users/brianmwakima/.npm/_locks/staging-a93e5258c5a8bd2c.lock for /Users/brianmwakima/Documents/Work/Javascript/AddToCalendar/node_modules/.staging
50 silly executeActions Finishing
51 silly rollbackFailedOptional Starting
52 silly rollbackFailedOptional Finishing
53 silly install runPostinstallTopLevelLifecycles
54 silly build angular-addtocalendar@1.0.0
55 info linkStuff angular-addtocalendar@1.0.0
56 silly linkStuff angular-addtocalendar@1.0.0 has /Users/brianmwakima/Documents/Work/Javascript as its parent node_modules
57 verbose linkBins angular-addtocalendar@1.0.0
58 verbose linkMans angular-addtocalendar@1.0.0
59 silly install angular-addtocalendar@1.0.0 /Users/brianmwakima/Documents/Work/Javascript/AddToCalendar/angular-addtocalendar-d21c691d
60 info lifecycle angular-addtocalendar@1.0.0~install: angular-addtocalendar@1.0.0
61 silly lifecycle angular-addtocalendar@1.0.0~install: no script for install, continuing
62 silly postinstall angular-addtocalendar@1.0.0 /Users/brianmwakima/Documents/Work/Javascript/AddToCalendar/angular-addtocalendar-d21c691d
63 info lifecycle angular-addtocalendar@1.0.0~postinstall: angular-addtocalendar@1.0.0
64 silly lifecycle angular-addtocalendar@1.0.0~postinstall: no script for postinstall, continuing
65 silly prepublish angular-addtocalendar@1.0.0 /Users/brianmwakima/Documents/Work/Javascript/AddToCalendar/angular-addtocalendar-d21c691d
66 info lifecycle angular-addtocalendar@1.0.0~prepublish: angular-addtocalendar@1.0.0
67 verbose lifecycle angular-addtocalendar@1.0.0~prepublish: unsafe-perm in lifecycle true
68 verbose lifecycle angular-addtocalendar@1.0.0~prepublish: PATH: /usr/local/lib/node_modules/npm/bin/node-gyp-bin:/Users/brianmwakima/Documents/Work/Javascript/AddToCalendar/node_modules/.bin:/usr/local/Cellar/node/7.1.0/bin:/usr/local/sbin:/usr/local/bin:/usr/bin:/bin:/usr/sbin:/sbin:/Library/Frameworks/Mono.framework/Versions/Current/Commands:/usr/local/sbin
69 verbose lifecycle angular-addtocalendar@1.0.0~prepublish: CWD: /Users/brianmwakima/Documents/Work/Javascript/AddToCalendar
70 silly lifecycle angular-addtocalendar@1.0.0~prepublish: Args: [ '-c', 'grunt build' ]
71 silly lifecycle angular-addtocalendar@1.0.0~prepublish: Returned: code: 3  signal: null
72 info lifecycle angular-addtocalendar@1.0.0~prepublish: Failed to exec prepublish script
73 warn grunt-sauce-tunnel@0.2.1 requires a peer of grunt@~0.4.4 but none was installed.
74 verbose If you need help, you may report this error at:
74 verbose     <https://github.com/npm/npm/issues>
75 verbose stack Error: angular-addtocalendar@1.0.0 prepublish: `grunt build`
75 verbose stack Exit status 3
75 verbose stack     at EventEmitter.<anonymous> (/usr/local/lib/node_modules/npm/lib/utils/lifecycle.js:255:16)
75 verbose stack     at emitTwo (events.js:106:13)
75 verbose stack     at EventEmitter.emit (events.js:191:7)
75 verbose stack     at ChildProcess.<anonymous> (/usr/local/lib/node_modules/npm/lib/utils/spawn.js:40:14)
75 verbose stack     at emitTwo (events.js:106:13)
75 verbose stack     at ChildProcess.emit (events.js:191:7)
75 verbose stack     at maybeClose (internal/child_process.js:885:16)
75 verbose stack     at Process.ChildProcess._handle.onexit (internal/child_process.js:226:5)
76 verbose pkgid angular-addtocalendar@1.0.0
77 verbose cwd /Users/brianmwakima/Documents/Work/Javascript/AddToCalendar
78 error Darwin 16.5.0
79 error argv "/usr/local/Cellar/node/7.1.0/bin/node" "/usr/local/bin/npm" "install"
80 error node v7.1.0
81 error npm  v3.10.9
82 error code ELIFECYCLE
83 error angular-addtocalendar@1.0.0 prepublish: `grunt build`
83 error Exit status 3
84 error Failed at the angular-addtocalendar@1.0.0 prepublish script 'grunt build'.
84 error Make sure you have the latest version of node.js and npm installed.
84 error If you do, this is most likely a problem with the angular-addtocalendar package,
84 error not with npm itself.
84 error Tell the author that this fails on your system:
84 error     grunt build
84 error You can get information on how to open an issue for this project with:
84 error     npm bugs angular-addtocalendar
84 error Or if that isn't available, you can get their info via:
84 error     npm owner ls angular-addtocalendar
84 error There is likely additional logging output above.
85 verbose exit [ 1, true ]
